This is pdfTeX, Version 3.1415926-2.4-1.40.13 (TeX Live 2012/Debian) (format=pdflatex 2013.2.27)  5 NOV 2013 09:59
entering extended mode
 restricted \write18 enabled.
 %&-line parsing enabled.
**caption.ins
(./caption.ins
LaTeX2e <2011/06/27>
Babel <v3.8m> and hyphenation patterns for english, dumylang, nohyphenation, lo
aded.
(/usr/share/texlive/texmf-dist/tex/latex/base/docstrip.tex
\blockLevel=\count79
\emptyLines=\count80
\processedLines=\count81
\commentsRemoved=\count82
\commentsPassed=\count83
\codeLinesPassed=\count84
\TotalprocessedLines=\count85
\TotalcommentsRemoved=\count86
\TotalcommentsPassed=\count87
\TotalcodeLinesPassed=\count88
\NumberOfFiles=\count89
\inFile=\read1
\inputcheck=\read2
\off@0=\count90
\off@1=\count91
\off@2=\count92
\off@3=\count93
\off@4=\count94
\off@5=\count95
\off@6=\count96
\off@7=\count97
\off@8=\count98
\off@9=\count99
\off@10=\count100
\off@11=\count101
\off@12=\count102
\off@13=\count103
\off@14=\count104
\off@15=\count105
\@maxfiles=\count106
\@maxoutfiles=\count107

Utility: `docstrip' 2.5d <2005/07/29>
English documentation    <1999/03/31>

**********************************************************
* This program converts documented macro-files into fast *
* loadable files by stripping off (nearly) all comments! *
**********************************************************

********************************************************
* No Configuration file found, using default settings. *
********************************************************

(./caption.ins

Generating file(s) ./caption.sty 
! Cannot find file caption.dtx.
\readsource ...ot find file \uptospace #1 \qStop }
                                                  \else \processedLines \z@ ...
l.41 ...caption.sty}{\from{caption.dtx}{package}}}
                                                  
? 

Generating file(s) ./caption2.sty 
! Cannot find file caption2.dtx.
\readsource ...ot find file \uptospace #1 \qStop }
                                                  \else \processedLines \z@ ...
l.42 ...ption2.sty}{\from{caption2.dtx}{package}}}
                                                  
? 

Generating file(s) ./caption3.sty 
\openout0 = `./caption3.sty'.


Processing file caption3.dtx (package) -> caption3.sty
File caption3.dtx ended by \endinput.
Lines  processed: 3874
Comments removed: 2236
Comments  passed: 1
Codelines passed: 1633


Generating file(s) ./bicaption.sty 
! Cannot find file bicaption.dtx.
\readsource ...ot find file \uptospace #1 \qStop }
                                                  \else \processedLines \z@ ...
l.44 ...ption.sty}{\from{bicaption.dtx}{package}}}
                                                  
? 

Generating file(s) ./ltcaption.sty 
! Cannot find file ltcaption.dtx.
\readsource ...ot find file \uptospace #1 \qStop }
                                                  \else \processedLines \z@ ...
l.45 ...ption.sty}{\from{ltcaption.dtx}{package}}}
                                                  
? 

Generating file(s) ./subcaption.sty 
! Cannot find file subcaption.dtx.
\readsource ...ot find file \uptospace #1 \qStop }
                                                  \else \processedLines \z@ ...
l.46 ...tion.sty}{\from{subcaption.dtx}{package}}}
                                                  
? 

Generating file(s) ./newfloat.sty 
! Cannot find file newfloat.dtx.
\readsource ...ot find file \uptospace #1 \qStop }
                                                  \else \processedLines \z@ ...
l.47 ...wfloat.sty}{\from{newfloat.dtx}{package}}}
                                                  
? 

Generating file(s) ./totalcount.sty 
! Cannot find file totalcount.dtx.
\readsource ...ot find file \uptospace #1 \qStop }
                                                  \else \processedLines \z@ ...
l.48 ...ount.sty}{\from{totalcount.dtx}{package}}}
                                                  
? 
***********************************************************
*
* To finish the installation you have to move the files
* `caption.sty', `caption2.sty', 'caption3.sty',
* `bicaption.sty', `ltcaption.sty', `subcaption.sty',
* `newfloat.sty', and `totalcount.sty'
* into a directory searched by TeX.
*
* To produce the documentation run the file
* `caption-eng.tex' (English version) or `caption-rus.tex'
* (Russian version) or `caption-deu.tex' (German version)
* through LaTeX.
*
***********************************************************
) ) ) 
Here is how much of TeX's memory you used:
 383 strings out of 495059
 4220 string characters out of 3182030
 52962 words of memory out of 3000000
 3652 multiletter control sequences out of 15000+200000
 3640 words of font info for 14 fonts, out of 3000000 for 9000
 14 hyphenation exceptions out of 8191
 15i,0n,15p,286b,118s stack positions out of 5000i,500n,10000p,200000b,50000s

No pages of output.
PDF statistics:
 0 PDF objects out of 1000 (max. 8388607)
 0 named destinations out of 1000 (max. 500000)
 1 words of extra memory for PDF output out of 10000 (max. 10000000)

